<?xml version="1.0" encoding="UTF-8"?>
<!-- Generated by org.testng.reporters.JUnitXMLReporter -->
<testsuite ignored="0" hostname="DESKTOP-2TF4MJL" failures="1" tests="1" name="Default test" time="26.889" errors="0" timestamp="05 Jul 2023 16:32:41 GMT">
  <testcase classname="io.cucumber.testng.AbstractTestNGCucumberTests" name="runScenario" time="24.549">
    <failure type="java.lang.NullPointerException" message="Cannot invoke &amp;quot;org.openqa.selenium.WebDriver.findElement(org.openqa.selenium.By)&amp;quot; because &amp;quot;demoqa.PracticeForm.driver&amp;quot; is null">
      <![CDATA[java.lang.NullPointerException: Cannot invoke "org.openqa.selenium.WebDriver.findElement(org.openqa.selenium.By)" because "demoqa.PracticeForm.driver" is null
at demoqa.PracticeForm.selectCity(PracticeForm.java:164)
at steps.PracticeFormsteps.select_state_as_and_city_as(PracticeFormsteps.java:53)
at ✽.Select State as "NCR" and City as "Delhi"(file:///C:/Users/Anshul/eclipse-workspace/LearnSelenium/src/main/resources/Features/PracticeForm.feature:15)
]]>
    </failure>
  </testcase> <!-- runScenario -->
</testsuite> <!-- Default test -->
