<?xml version="1.0" encoding="UTF-8"?>
<!-- Generated by org.testng.reporters.JUnitReportReporter -->
<testsuite hostname="DESKTOP-2TF4MJL" failures="0" tests="1" name="runner.RunCuke" time="24.549" errors="1" timestamp="05 Jul 2023 16:32:41 GMT" skipped="0">
  <testcase classname="runner.RunCuke" name="runScenario" time="24.549">
    <error message="Cannot invoke &quot;org.openqa.selenium.WebDriver.findElement(org.openqa.selenium.By)&quot; because &quot;demoqa.PracticeForm.driver&quot; is null" type="java.lang.NullPointerException">
      <![CDATA[java.lang.NullPointerException: Cannot invoke "org.openqa.selenium.WebDriver.findElement(org.openqa.selenium.By)" because "demoqa.PracticeForm.driver" is null
at demoqa.PracticeForm.selectCity(PracticeForm.java:164)
at steps.PracticeFormsteps.select_state_as_and_city_as(PracticeFormsteps.java:53)
at ✽.Select State as "NCR" and City as "Delhi"(file:///C:/Users/Anshul/eclipse-workspace/LearnSelenium/src/main/resources/Features/PracticeForm.feature:15)
]]>
    </error>
  </testcase> <!-- runScenario -->
</testsuite> <!-- runner.RunCuke -->
